        -:    0:Source:ivvector_iter.c
        -:    0:Graph:ivvector.gcno
        -:    0:Data:ivvector.gcda
        -:    0:Runs:5
        -:    0:Programs:3
        -:    1:#include "ivvector.h"
        -:    2:#include "ivvector_internal.h"
        -:    3:
        -:    4:// Iterators
        -:    5:
        -:    6:/*
        -:    7:	PTR_ERR MODIFY AHEAD
        -:    8: */
      302:    9:vector_iter* vector_iter_get(vector* this)
        -:   10:{
      302:   11:	if (this == NULL)
       90:   12:		return NULL;
      212:   13:	vector_iter* new = iv_calloc(1, sizeof(vector_iter));
      212:   14:	if (new == NULL)
       87:   15:		return NULL;
      125:   16:	new->ptr = this;
        -:   17:
      125:   18:	return new;
        -:   19:}
        -:   20:
        -:   21:/**
        -:   22: * Deletes iterator
        -:   23: * @param  this pointer to iterator
        -:   24: * @return      0 if success, -1 if "this" is NULL
        -:   25: */
      302:   26:int vector_iter_del(vector_iter* this)
        -:   27:{
      302:   28:	if (this == NULL)
      177:   29:		return -1;
      125:   30:	this -> ptr   =        NULL;
      125:   31:	this -> index =        IV_POISON;
      125:   32:	iv_free(this);
      125:   33:	this = NULL;
        -:   34:
      125:   35:	return 0;
        -:   36:}
        -:   37:
        -:   38:/**
        -:   39: * Moves iterator to next element
        -:   40: * @param  this current iterator
        -:   41: * @param  dest if not NULL copies current object before moving iterator
        -:   42: * @return      1 if moved, 0 if not, -1 if iterator is invalid
        -:   43: */
     1510:   44:int vector_iter_next(vector_iter* this, void* dest)
        -:   45:{
     1510:   46:	ITER_CHECK(this);
        -:   47:
      330:   48:	if (this->ptr->size == 0)
      216:   49:		return 0;
        -:   50:
      114:   51:	if (dest != NULL)
      114:   52:		__copy_elem(this->ptr, this->index, dest);
        -:   53:
      114:   54:	if (this->index < this->ptr->size - 1)
        -:   55:	{
       78:   56:		this->index += 1;
       78:   57:		return 1;
        -:   58:	}
       36:   59:	return 0;
        -:   60:}
        -:   61:
        -:   62:/**
        -:   63: * Moves iterator to previous element
        -:   64: * @param  this current iterator
        -:   65: * @param  dest if not NULL copies current object before moving iterator
        -:   66: * @return 1 if moved, 0 if not, -1 if iterator is invalid
        -:   67: */
     1208:   68:int vector_iter_prev(vector_iter* this, void* dest)
        -:   69:{
     1208:   70:	ITER_CHECK(this);
      264:   71:	if (this->ptr->size == 0)
      150:   72:		return 0;
      114:   73:	if (dest != NULL)
       57:   74:		__copy_elem(this->ptr, this->index, dest);
        -:   75:
      114:   76:	if (this->index > 0)
        -:   77:	{
       78:   78:		this->index -= 1;
       78:   79:		return 1;
        -:   80:	}
       36:   81:	return 0;
        -:   82:}
        -:   83:
        -:   84:/**
        -:   85: * Copies object, pointed by iterator
        -:   86: * @param  this current iterator
        -:   87: * @param  dest destination
        -:   88: * @return      0 if success, -1 if failure
        -:   89: */
      604:   90:int vector_iter_getelem (const vector_iter* this, void* dest)
        -:   91:{
      604:   92:	ITER_CHECK(this);
      123:   93:	if (dest == NULL || this->ptr->size == 0)
        9:   94:		return -1;
      114:   95:	__copy_elem(this->ptr, this->index, dest);
      114:   96:	return 0;
        -:   97:}
        -:   98:
        -:   99:/**
        -:  100: * Replaces object, pointed by iterator, with argumented
        -:  101: * @param  this current iterator
        -:  102: * @param  src  
        -:  103: * @return      0 if success, -1 if failure
        -:  104: */
      302:  105:int vector_iter_setelem(vector_iter* this, const void* src)
        -:  106:{
      302:  107:	ITER_CHECK(this);
       66:  108:	if (src == NULL || this->ptr->size == 0)
        9:  109:		return -1;
       57:  110:	__set_elem(this->ptr, this->index, src);
       57:  111:	return 0;
        -:  112:}
        -:  113:
        -:  114:/**
        -:  115: * Sets iterator to begin of vector
        -:  116: * @param  this current iterator
        -:  117: * @return      0 if success, -1 if "this" is NULL or vector is invalid
        -:  118: */
      302:  119:int vector_iter_begin(vector_iter* this)
        -:  120:{
      302:  121:	if (this == NULL)
      177:  122:		return -1;
      125:  123:	VECTOR_CHECK(this->ptr);
       66:  124:	this->index = 0;
       66:  125:	return 0;
        -:  126:}
        -:  127:
        -:  128:/**
        -:  129: * Sets iterator to end of vector
        -:  130: * @param  this current iterator
        -:  131: * @return      0 if success, -1 if "this" is NULL or vector is invalid
        -:  132: */
      302:  133:int vector_iter_end(vector_iter* this)
        -:  134:{
      302:  135:	if (this == NULL)
      177:  136:		return -1;
      125:  137:	VECTOR_CHECK(this->ptr);
       66:  138:	this->index = this->ptr->size - 1;
       66:  139:	return 0;
        -:  140:}
        -:  141:
        -:  142:/**
        -:  143: * Is the pointed object first??
        -:  144: * @param  this current iterator
        -:  145: * @return      1 if true, 0 if false, -1 if iterator is invalid
        -:  146: */
      302:  147:int vector_iter_isbegin(const vector_iter* this)
        -:  148:{
      302:  149:	ITER_CHECK(this);
       57:  150:	if (this -> index == 0 && this->ptr->size != 0)
        9:  151:		return 1;
       48:  152:	return 0;
        -:  153:}
        -:  154:
        -:  155:/**
        -:  156: * Is the pointed object last??
        -:  157: * @param  this current iterator
        -:  158: * @return      1 if true, 0 if false, -1 if iterator is invalid
        -:  159: */
      302:  160:int vector_iter_isend(const vector_iter* this)
        -:  161:{
      302:  162:	ITER_CHECK(this);
       57:  163:	if (this -> index == this -> ptr -> size - (int64)1)
       57:  164:		return 1;
    #####:  165:	return 0;
        -:  166:}
        -:  167:
        -:  168:
      302:  169:void* vector_iter_do(vector_iter* iter, void* args, void* (*proceed)(void* obj,void* argv))
        -:  170:{
        -:  171://	fprintf(stderr, "Hello!");
      302:  172:	if (!__vector_iter_check(iter) || !__vector_check(iter->ptr) || !proceed)
      245:  173:		return NULL;
        -:  174://	__vector_dump(iter->ptr);
       57:  175:	return proceed(__elem_ptr(iter->ptr, iter->index), args);
        -:  176:}
